[debug] [2020-04-07T12:40:54.009Z] ----------------------------------------------------------------------
[debug] [2020-04-07T12:40:54.011Z] Command:       C:\Program Files\nodejs\node.exe C:\Users\user\AppData\Roaming\npm\node_modules\firebase-tools\lib\bin\firebase.js login
[debug] [2020-04-07T12:40:54.012Z] CLI Version:   8.0.2
[debug] [2020-04-07T12:40:54.012Z] Platform:      win32
[debug] [2020-04-07T12:40:54.012Z] Node Version:  v10.15.0
[debug] [2020-04-07T12:40:54.013Z] Time:          Tue Apr 07 2020 15:40:54 GMT+0300 (Eastern European Summer Time)
[debug] [2020-04-07T12:40:54.013Z] ----------------------------------------------------------------------
[debug] [2020-04-07T12:40:54.013Z] 
[info] i  Firebase optionally collects CLI usage and error reporting information to help improve our products. Data is collected in accordance with Google's privacy policy (https://policies.google.com/privacy) and is not used to identify you.

[info] i  To change your data collection preference at any time, run `firebase logout` and log in again.
[info] 
[info] Visit this URL on this device to log in:
[info] https://accounts.google.com/o/oauth2/auth?client_id=563584335869-fgrhgmd47bqnekij5i8b5pr03ho849e6.apps.googleusercontent.com&scope=email%20openid%20https%3A%2F%2Fwww.googleapis.com%2Fauth%2Fcloudplatformprojects.readonly%20https%3A%2F%2Fwww.googleapis.com%2Fauth%2Ffirebase%20https%3A%2F%2Fwww.googleapis.com%2Fauth%2Fcloud-platform&response_type=code&state=138475057&redirect_uri=http%3A%2F%2Flocalhost%3A9005
[info] 
[info] Waiting for authentication...
[debug] [2020-04-07T12:40:59.098Z] Error: spawn cmd ENOENT
    at Process.ChildProcess._handle.onexit (internal/child_process.js:232:19)
    at onErrorNT (internal/child_process.js:407:16)
    at process._tickCallback (internal/process/next_tick.js:63:19)
[error] 
[error] Error: An unexpected error has occurred.
[debug] [2020-04-07T12:43:01.105Z] ----------------------------------------------------------------------
[debug] [2020-04-07T12:43:01.108Z] Command:       C:\Program Files\nodejs\node.exe C:\Users\user\AppData\Roaming\npm\node_modules\firebase-tools\lib\bin\firebase.js init
[debug] [2020-04-07T12:43:01.108Z] CLI Version:   8.0.2
[debug] [2020-04-07T12:43:01.108Z] Platform:      win32
[debug] [2020-04-07T12:43:01.108Z] Node Version:  v10.15.0
[debug] [2020-04-07T12:43:01.109Z] Time:          Tue Apr 07 2020 15:43:01 GMT+0300 (Eastern European Summer Time)
[debug] [2020-04-07T12:43:01.109Z] ----------------------------------------------------------------------
[debug] [2020-04-07T12:43:01.109Z] 
[debug] [2020-04-07T12:43:01.116Z] > command requires scopes: ["email","openid","https://www.googleapis.com/auth/cloudplatformprojects.readonly","https://www.googleapis.com/auth/firebase","https://www.googleapis.com/auth/cloud-platform"]
[debug] [2020-04-07T12:43:01.228Z] Error: Could not load the default credentials. Browse to https://cloud.google.com/docs/authentication/getting-started for more information.
    at GoogleAuth.getApplicationDefaultAsync (C:\Users\user\AppData\Roaming\npm\node_modules\firebase-tools\node_modules\google-auth-library\build\src\auth\googleauth.js:160:19)
    at process._tickCallback (internal/process/next_tick.js:68:7)
[error] 
[error] Error: An unexpected error has occurred.
